wandb: Using wandb-core as the SDK backend. Please refer to https://wandb.me/wandb-core for more information.
wandb: Currently logged in as: y4umeng (y4umeng-columbia-university). Use `wandb login --relogin` to force relogin
wandb: Tracking run with wandb version 0.18.5
wandb: Run data is saved locally in /home/yw3809/Projects/disagreement_augmentation/src/wandb/run-20241224_173216-jfybwp63
wandb: Run `wandb offline` to turn off syncing.
wandb: Syncing run tiny_imagenet200/Teacher fine tuning, ResNet18
wandb: ⭐️ View project at https://wandb.ai/y4umeng-columbia-university/tiny_imagenet200
wandb: 🚀 View run at https://wandb.ai/y4umeng-columbia-university/tiny_imagenet200/runs/jfybwp63
/home/yw3809/Projects/disagreement_augmentation/src/../src/engine/utils.py:106: FutureWarning: You are using `torch.load` with `weights_only=False` (the current default value), which uses the default pickle module implicitly. It is possible to construct malicious pickle data which will execute arbitrary code during unpickling (See https://github.com/pytorch/pytorch/blob/main/SECURITY.md#untrusted-models for more details). In a future release, the default value for `weights_only` will be flipped to `True`. This limits the functions that could be executed during unpickling. Arbitrary objects will no longer be allowed to be loaded via this mode unless they are explicitly allowlisted by the user via `torch.serialization.add_safe_globals`. We recommend you start setting `weights_only=True` for any use case where you don't have full control of the loaded file. Please open an issue on GitHub for any issues related to this experimental feature.
  return torch.load(f, map_location="cpu")
[36m[INFO] CONFIG:
DATASET:
  NUM_WORKERS: 4
  TEST:
    BATCH_SIZE: 64
  TYPE: tiny_imagenet
DISTILLER:
  STUDENT: ResNet18
  TEACHER: ResNet50
  TYPE: NONE
EXPERIMENT:
  NAME: Teacher fine tuning, ResNet18
  PROJECT: tiny_imagenet200
  TAG: teacher fine tuning,ResNet18
LOG:
  PREFIX: ./output
  SAVE_CHECKPOINT_FREQ: 40
  TENSORBOARD_FREQ: 500
  WANDB: true
SOLVER:
  BATCH_SIZE: 64
  EPOCHS: 40
  LR: 0.05
  LR_DECAY_RATE: 0.1
  LR_DECAY_STAGES:
  - 10
  - 20
  - 30
  MOMENTUM: 0.9
  TRAINER: base
  TYPE: SGD
  WEIGHT_DECAY: 0.0005
[0m
FREEZING
Epoch:1| Time(data):0.000| Time(train):0.002| Loss:0.3752| Top-1:95.798| Top-5:97.657
Top-1:62.110| Top-5:83.030
Epoch:2| Time(data):0.000| Time(train):0.001| Loss:0.0610| Top-1:99.761| Top-5:99.999
Top-1:62.370| Top-5:83.110
Epoch:3| Time(data):0.000| Time(train):0.001| Loss:0.0599| Top-1:99.776| Top-5:99.998
Top-1:62.430| Top-5:82.680
Epoch:4| Time(data):0.000| Time(train):0.002| Loss:0.0597| Top-1:99.786| Top-5:99.998
Top-1:62.340| Top-5:82.680
Epoch:5| Time(data):0.000| Time(train):0.001| Loss:0.0597| Top-1:99.771| Top-5:99.999
Top-1:62.220| Top-5:82.940
Epoch:6| Time(data):0.000| Time(train):0.001| Loss:0.0590| Top-1:99.774| Top-5:99.999
Top-1:62.170| Top-5:83.100
Epoch:7| Time(data):0.000| Time(train):0.001| Loss:0.0590| Top-1:99.797| Top-5:100.000
Top-1:62.400| Top-5:82.850
Epoch:8| Time(data):0.000| Time(train):0.002| Loss:0.0598| Top-1:99.784| Top-5:99.998
Top-1:62.400| Top-5:83.080
Epoch:9| Time(data):0.000| Time(train):0.001| Loss:0.0591| Top-1:99.797| Top-5:100.000
Top-1:62.570| Top-5:82.870
Epoch:10| Time(data):0.000| Time(train):0.001| Loss:0.0595| Top-1:99.792| Top-5:99.999
Top-1:62.630| Top-5:82.680
Epoch:11| Time(data):0.000| Time(train):0.001| Loss:0.0546| Top-1:99.860| Top-5:99.999
Top-1:62.620| Top-5:83.170
Epoch:12| Time(data):0.000| Time(train):0.001| Loss:0.0549| Top-1:99.852| Top-5:99.998
Top-1:62.560| Top-5:82.990
Epoch:13| Time(data):0.000| Time(train):0.001| Loss:0.0553| Top-1:99.827| Top-5:100.000
Top-1:62.330| Top-5:83.040
Epoch:14| Time(data):0.000| Time(train):0.001| Loss:0.0551| Top-1:99.877| Top-5:99.999
Top-1:62.610| Top-5:83.050
Epoch:15| Time(data):0.000| Time(train):0.001| Loss:0.0561| Top-1:99.846| Top-5:99.998
Top-1:62.650| Top-5:83.140
Epoch:16| Time(data):0.000| Time(train):0.001| Loss:0.0572| Top-1:99.840| Top-5:100.000
Top-1:62.560| Top-5:83.200
Epoch:17| Time(data):0.000| Time(train):0.001| Loss:0.0565| Top-1:99.848| Top-5:100.000
Top-1:62.380| Top-5:83.170
Epoch:18| Time(data):0.000| Time(train):0.002| Loss:0.0564| Top-1:99.848| Top-5:100.000
Top-1:62.420| Top-5:83.040
Epoch:19| Time(data):0.000| Time(train):0.001| Loss:0.0571| Top-1:99.849| Top-5:100.000
Top-1:62.690| Top-5:83.200
Epoch:20| Time(data):0.000| Time(train):0.001| Loss:0.0560| Top-1:99.858| Top-5:100.000
Top-1:62.560| Top-5:83.230
Epoch:21| Time(data):0.000| Time(train):0.002| Loss:0.0557| Top-1:99.866| Top-5:100.000
Top-1:62.380| Top-5:83.370
Epoch:22| Time(data):0.000| Time(train):0.001| Loss:0.0562| Top-1:99.867| Top-5:99.999
Top-1:62.600| Top-5:83.240
Epoch:23| Time(data):0.000| Time(train):0.001| Loss:0.0564| Top-1:99.856| Top-5:100.000
Top-1:62.630| Top-5:83.310
Epoch:24| Time(data):0.000| Time(train):0.001| Loss:0.0564| Top-1:99.857| Top-5:99.999
Top-1:62.420| Top-5:83.140
Epoch:25| Time(data):0.000| Time(train):0.001| Loss:0.0566| Top-1:99.851| Top-5:100.000
Top-1:62.560| Top-5:83.330
Epoch:26| Time(data):0.000| Time(train):0.001| Loss:0.0557| Top-1:99.862| Top-5:100.000
Top-1:62.450| Top-5:83.110
Epoch:27| Time(data):0.000| Time(train):0.001| Loss:0.0562| Top-1:99.841| Top-5:100.000
Top-1:62.650| Top-5:83.180
Epoch:28| Time(data):0.000| Time(train):0.001| Loss:0.0563| Top-1:99.829| Top-5:100.000
Top-1:62.590| Top-5:83.260
Epoch:29| Time(data):0.000| Time(train):0.001| Loss:0.0563| Top-1:99.862| Top-5:99.998
Top-1:62.790| Top-5:83.180
Epoch:30| Time(data):0.000| Time(train):0.002| Loss:0.0564| Top-1:99.872| Top-5:100.000
Top-1:62.440| Top-5:83.220
Epoch:31| Time(data):0.000| Time(train):0.001| Loss:0.0558| Top-1:99.877| Top-5:99.999
Top-1:62.660| Top-5:83.230
Epoch:32| Time(data):0.000| Time(train):0.001| Loss:0.0560| Top-1:99.862| Top-5:99.998
Top-1:62.500| Top-5:83.320
Epoch:33| Time(data):0.000| Time(train):0.001| Loss:0.0562| Top-1:99.847| Top-5:99.999
Top-1:62.530| Top-5:83.080
Epoch:34| Time(data):0.000| Time(train):0.001| Loss:0.0556| Top-1:99.849| Top-5:100.000
Top-1:62.530| Top-5:83.240
Epoch:35| Time(data):0.000| Time(train):0.001| Loss:0.0560| Top-1:99.863| Top-5:99.998
Top-1:62.510| Top-5:83.090
Epoch:36| Time(data):0.000| Time(train):0.001| Loss:0.0564| Top-1:99.859| Top-5:99.999
Top-1:62.690| Top-5:83.180
Epoch:37| Time(data):0.000| Time(train):0.001| Loss:0.0566| Top-1:99.845| Top-5:100.000
Top-1:62.570| Top-5:83.190
Epoch:38| Time(data):0.000| Time(train):0.002| Loss:0.0565| Top-1:99.875| Top-5:99.999
Top-1:62.600| Top-5:83.330
Epoch:39| Time(data):0.000| Time(train):0.001| Loss:0.0568| Top-1:99.851| Top-5:100.000
Top-1:62.720| Top-5:83.200
Epoch:40| Time(data):0.000| Time(train):0.001| Loss:0.0558| Top-1:99.846| Top-5:100.000
Top-1:62.690| Top-5:83.200
[31m[EVAL] Best accuracy:62.78999710083008[0m
[1;34mwandb[0m: 🚀 View run [33mtiny_imagenet200/Teacher fine tuning, ResNet18[0m at: [34mhttps://wandb.ai/y4umeng-columbia-university/tiny_imagenet200/runs/jfybwp63[0m
[1;34mwandb[0m: Find logs at: [1;35mwandb/run-20241224_173216-jfybwp63/logs[0m
